  Array.cpp
C:\Users\Admin\Desktop\ООП\lab6.1ООП\lab6.1ООП\Array.h(26,10): warning C4290: C++ exception specification ignored except to indicate a function is not __declspec(nothrow)
  (compiling source file 'Array.cpp')
  
C:\Users\Admin\Desktop\ООП\lab6.1ООП\lab6.1ООП\Array.h(27,10): warning C4290: C++ exception specification ignored except to indicate a function is not __declspec(nothrow)
  (compiling source file 'Array.cpp')
  
C:\Users\Admin\Desktop\ООП\lab6.1ООП\lab6.1ООП\Array.h(28,10): warning C4290: C++ exception specification ignored except to indicate a function is not __declspec(nothrow)
  (compiling source file 'Array.cpp')
  
C:\Users\Admin\Desktop\ООП\lab6.1ООП\lab6.1ООП\Array.h(29,10): warning C4290: C++ exception specification ignored except to indicate a function is not __declspec(nothrow)
  (compiling source file 'Array.cpp')
  
C:\Users\Admin\Desktop\ООП\lab6.1ООП\lab6.1ООП\Array.h(41,56): warning C4290: C++ exception specification ignored except to indicate a function is not __declspec(nothrow)
  (compiling source file 'Array.cpp')
  
C:\Users\Admin\Desktop\ООП\lab6.1ООП\lab6.1ООП\Array.h(43,60): warning C4290: C++ exception specification ignored except to indicate a function is not __declspec(nothrow)
  (compiling source file 'Array.cpp')
  
C:\Users\Admin\Desktop\ООП\lab6.1ООП\lab6.1ООП\Array.h(44,72): warning C4290: C++ exception specification ignored except to indicate a function is not __declspec(nothrow)
  (compiling source file 'Array.cpp')
  
C:\Users\Admin\Desktop\ООП\lab6.1ООП\lab6.1ООП\Array.cpp(12,74): warning C4290: C++ exception specification ignored except to indicate a function is not __declspec(nothrow)
C:\Users\Admin\Desktop\ООП\lab6.1ООП\lab6.1ООП\Array.cpp(21,90): warning C4290: C++ exception specification ignored except to indicate a function is not __declspec(nothrow)
C:\Users\Admin\Desktop\ООП\lab6.1ООП\lab6.1ООП\Array.cpp(34,92): warning C4290: C++ exception specification ignored except to indicate a function is not __declspec(nothrow)
C:\Users\Admin\Desktop\ООП\lab6.1ООП\lab6.1ООП\Array.cpp(45,45): warning C4290: C++ exception specification ignored except to indicate a function is not __declspec(nothrow)
C:\Users\Admin\Desktop\ООП\lab6.1ООП\lab6.1ООП\Array.cpp(74,72): warning C4290: C++ exception specification ignored except to indicate a function is not __declspec(nothrow)
C:\Users\Admin\Desktop\ООП\lab6.1ООП\lab6.1ООП\Array.cpp(82,84): warning C4290: C++ exception specification ignored except to indicate a function is not __declspec(nothrow)
C:\Users\Admin\Desktop\ООП\lab6.1ООП\lab6.1ООП\Array.cpp(90,54): warning C4290: C++ exception specification ignored except to indicate a function is not __declspec(nothrow)
  Source.cpp
C:\Users\Admin\Desktop\ООП\lab6.1ООП\lab6.1ООП\Array.h(26,10): warning C4290: C++ exception specification ignored except to indicate a function is not __declspec(nothrow)
  (compiling source file 'Source.cpp')
  
C:\Users\Admin\Desktop\ООП\lab6.1ООП\lab6.1ООП\Array.h(27,10): warning C4290: C++ exception specification ignored except to indicate a function is not __declspec(nothrow)
  (compiling source file 'Source.cpp')
  
C:\Users\Admin\Desktop\ООП\lab6.1ООП\lab6.1ООП\Array.h(28,10): warning C4290: C++ exception specification ignored except to indicate a function is not __declspec(nothrow)
  (compiling source file 'Source.cpp')
  
C:\Users\Admin\Desktop\ООП\lab6.1ООП\lab6.1ООП\Array.h(29,10): warning C4290: C++ exception specification ignored except to indicate a function is not __declspec(nothrow)
  (compiling source file 'Source.cpp')
  
C:\Users\Admin\Desktop\ООП\lab6.1ООП\lab6.1ООП\Array.h(41,56): warning C4290: C++ exception specification ignored except to indicate a function is not __declspec(nothrow)
  (compiling source file 'Source.cpp')
  
C:\Users\Admin\Desktop\ООП\lab6.1ООП\lab6.1ООП\Array.h(43,60): warning C4290: C++ exception specification ignored except to indicate a function is not __declspec(nothrow)
  (compiling source file 'Source.cpp')
  
C:\Users\Admin\Desktop\ООП\lab6.1ООП\lab6.1ООП\Array.h(44,72): warning C4290: C++ exception specification ignored except to indicate a function is not __declspec(nothrow)
  (compiling source file 'Source.cpp')
  
  Generating Code...
  lab6.1ООП.vcxproj -> C:\Users\Admin\Desktop\ООП\lab6.1ООП\x64\Debug\lab6.1ООП.exe
